#-----------------------------------------------------------
# Vivado v2018.3 (64-bit)
# SW Build 2405991 on Thu Dec  6 23:38:27 MST 2018
# IP Build 2404404 on Fri Dec  7 01:43:56 MST 2018
# Start of session at: Fri Mar 14 03:57:04 2025
# Process ID: 11504
# Current directory: C:/Users/Test/Electronic_voting_machine
# Command line: vivado.exe -gui_launcher_event rodinguilauncherevent34740 C:\Users\Test\Electronic_voting_machine\evm_3.xpr
# Log file: C:/Users/Test/Electronic_voting_machine/vivado.log
# Journal file: C:/Users/Test/Electronic_voting_machine\vivado.jou
#-----------------------------------------------------------
start_gui
open_project C:/Users/Test/Electronic_voting_machine/evm_3.xpr
INFO: [Project 1-313] Project file moved from 'C:/Users/Test/evm_3' since last save.
Scanning sources...
Finished scanning sources
INFO: [IP_Flow 19-234] Refreshing IP repositories
INFO: [IP_Flow 19-1704] No user IP repositories specified
INFO: [Common 17-41] Interrupt caught. Command should exit soon.
INFO: [IP_Flow 19-2313] Loaded Vivado IP repository 'C:/Xilinx/Vivado/2018.3/data/ip'.
INFO: [IP_Flow 19-2338] Canceling the changes to the IP catalog. Reverting the catalog back to its previous state.
INFO: [IP_Flow 19-2340] The IP catalog has been returned to its previous state.
INFO: [Common 17-344] 'open_project' was cancelled
exit
INFO: [Common 17-206] Exiting Vivado at Fri Mar 14 03:57:37 2025...
